<?xml version="1.0" encoding="UTF-8"?>
<testsuite xmlns:xsi="http://www.w3.org/2001/XMLSchema-instance" xsi:noNamespaceSchemaLocation="https://maven.apache.org/surefire/maven-surefire-plugin/xsd/surefire-test-report.xsd" name="org.nctrc.backend.managers.UserManagerTest" time="0.002" tests="5" errors="0" skipped="0" failures="0">
  <properties>
[...]
</properties>
  <testcase name="testSigninData" classname="org.nctrc.backend.managers.UserManagerTest" time="0"/>
  <testcase name="testUserManager" classname="org.nctrc.backend.managers.UserManagerTest" time="0"/>
  <testcase name="loadAndSigningUsersFromDatabase" classname="org.nctrc.backend.managers.UserManagerTest" time="0"/>
  <testcase name="testCapacity" classname="org.nctrc.backend.managers.UserManagerTest" time="0"/>
  <testcase name="testDeleteUser" classname="org.nctrc.backend.managers.UserManagerTest" time="0"/>
</testsuite>